> AttachSpec("./CHIMP/CHIMP.spec");
> prec := 100;
> 
> m := 20;
> load "FermatJacobians1_computeMTandKconn.m";
Loading "FermatJacobians1_computeMTandKconn.m"
Working with m = 20
** Computing equations for the Mumford-Tate group **
** Generate Gamma-products **
> "** Computing the connected monodromy field of J20**";
** Computing the connected monodromy field of J20**
> time F20 := compute_Kconn();
Time: 13.280
> "The connected monodromy field of J20 is the", F20;
The connected monodromy field of J20 is the Number Field with defining 
polynomial x^16 - 4*x^15 + 8*x^14 - 12*x^13 + 13*x^12 - 12*x^11 + 16*x^10 - 
    26*x^9 + 38*x^8 - 38*x^7 + 24*x^6 - 4*x^5 - 12*x^4 + 4*x^3 + 2*x^2 + 2*x + 1
over the Rational Field
> 
> R<t> := PolynomialRing(RationalsExtra(prec));
> f := t^20 + 1;
> X := HyperellipticCurve(f);
> "** Computing the Endomorphism lattice of J20 via the methods of [CMSV19] **\
";
** Computing the Endomorphism lattice of J20 via the methods of [CMSV19] **
> time lat := HeuristicEndomorphismLattice(X);
Time: 114.740[r]
> print lat;
<[ <1, 2>, <2, 2>, <2, 2>, <4, 2> ], <16, 3>, [
    <<1, 1>, [ 1, -6, 18, -36, 47, -30, -18, 72, -95, 72, -18, -30, 47, -36, 18,
    -6, 1 ], [ <1, 2>, <2, 2>, <2, 2>, <4, 2> ], [
        <1, 2, [ 1, 0, 1 ], 1, 1>,
        <2, 4, [ 1, -1, 1, -1, 1 ], 1, 2>,
        <4, 2, [ 5, 0, 1 ], 1, 1>
    ], <429496729600000000, -1>, 25>,
    <<2, 1>, [ 1, 2, 2, -10, 11, -10, 8, -4, 1 ], [ <1, 2>, <2, 1>, <2, 1>, <2, 
    2>, <2, 2> ], [
        <1, 2, [ 1, 0, 1 ], 1, 1>,
        <2, 2, [ -1, -1, 1 ], 1, 2>,
        <2, 2, [ 5, 0, 1 ], 1, 1>,
        <2, 2, [ 5, 0, 1 ], 1, 1>
    ], <167772160000, -1>, 15>,
    <<2, 1>, [ 1, -2, 2, 2, -2, 2, 2, -2, 1 ], [ <1, 2>, <2, 1>, <2, 1>, <2, 2>,
    <2, 2> ], [
        <1, 2, [ 1, 0, 1 ], 1, 1>,
        <2, 2, [ -1, -1, 1 ], 1, 2>,
        <2, 4, [ 1, 0, 3, 0, 1 ], 1, 2>
    ], <167772160000, -1>, 15>,
    <<2, 1>, [ 1, 0, -1, 0, 1, 0, -1, 0, 1 ], [ <1, 2>, <2, 2>, <2, 2>, <2, 2>, 
    <2, 2> ], [
        <1, 2, [ 1, 0, 1 ], 1, 1>,
        <2, 4, [ 1, -1, 1, -1, 1 ], 1, 2>,
        <2, 4, [ 1, 0, 3, 0, 1 ], 1, 2>
    ], <10485760000, -1>, 17>,
    <<2, 1>, [ -4, 16, -16, -8, 14, 4, -4, -2, 1 ], [ <1, 1>, <2, 1>, <2, 1>, 
    <4, 1> ], [
        <1, 1, [ -1, 1 ], 1, 1>,
        <2, 2, [ -1, -1, 1 ], 1, 2>,
        <2, 4, [ -1, 1 ], 10, 2>
    ], <104857600000000, -1>, 17>,
    <<2, 1>, [ 1, 0, -3, 0, 4, 0, -2, 0, 1 ], [ <1, 1>, <2, 2>, <2, 2>, <4, 1> 
    ], [
        <1, 1, [ -1, 1 ], 1, 1>,
        <2, 4, [ -1, 1 ], 10, 2>,
        <2, 4, [ 1, -1, 1, -1, 1 ], 1, 2>
    ], <1677721600000000, -1>, 19>,
    <<4, 2>, [ 1, -1, 1, -1, 1 ], [ <1, 1>, <2, 1>, <2, 1>, <2, 2>, <2, 2> ], [
        <1, 1, [ -1, 1 ], 1, 1>,
        <2, 2, [ -1, -1, 1 ], 1, 2>,
        <2, 4, [ 1, -1, 1, -1, 1 ], 1, 2>
    ], <419430400, -1>, 15>,
    <<4, 2>, [ 5, 0, -5, 0, 1 ], [ <1, 1>, <2, 1>, <2, 1>, <2, 1>, <2, 1> ], [
        <1, 1, [ -1, 1 ], 1, 1>,
        <2, 2, [ -1, -1, 1 ], 1, 2>,
        <2, 2, [ -1, -1, 1 ], 1, 2>
    ], <1638400, -1>, 13>,
    <<4, 2>, [ -1, 0, -1, 0, 1 ], [ <1, 1>, <2, 1>, <2, 1>, <2, 1>, <2, 1> ], [
        <1, 1, [ -1, 1 ], 1, 1>,
        <2, 2, [ -1, -1, 1 ], 1, 2>,
        <2, 2, [ -1, -1, 1 ], 1, 2>
    ], <26214400, -1>, 13>,
    <<4, 1>, [ 2, 0, 0, -2, 1 ], [ <1, 2>, <2, 1>, <2, 2> ], [
        <1, 2, [ 1, 0, 1 ], 1, 1>,
        <2, 1, [ -1, 1 ], 1, 2>,
        <2, 2, [ 1, 0, 1 ], 1, 2>
    ], <10240000, -1>, 8>,
    <<4, 1>, [ 1, 2, 4, -2, 1 ], [ <1, 1>, <1, 2>, <1, 2>, <1, 2>, <1, 2>, <2, 
    1> ], [
        <1, 1, [ -1, 1 ], 1, 1>,
        <1, 4, [ 9, 0, -4, 0, 1 ], 1, 2>,
        <1, 4, [ 9, 0, 4, 0, 1 ], 1, 2>,
        <2, 1, [ -1, 1 ], 1, 2>
    ], <409600, -1>, 8>,
    <<4, 2>, [ -5, 0, 0, 0, 1 ], [ <1, 1>, <2, 1>, <2, 1>, <2, 1>, <2, 1> ], [
        <1, 1, [ -1, 1 ], 1, 1>,
        <2, 1, [ -1, 1 ], 1, 1>,
        <2, 1, [ -1, 1 ], 1, 1>,
        <2, 2, [ -1, -1, 1 ], 1, 2>
    ], <655360000, -1>, 13>,
    <<4, 2>, [ 1, 0, 3, 0, 1 ], [ <1, 2>, <1, 2>, <1, 2>, <1, 2>, <1, 2>, <2, 
    1>, <2, 1> ], [
        <1, 2, [ 1, 0, 1 ], 1, 1>,
        <1, 4, [ 1, 0, 3, 0, 1 ], 1, 2>,
        <1, 4, [ 1, 0, 3, 0, 1 ], 1, 2>,
        <2, 2, [ -1, -1, 1 ], 1, 2>
    ], <1638400, -1>, 11>,
    <<8, 5>, [ -1, -1, 1 ], [ <1, 1>, <1, 1>, <1, 1>, <1, 1>, <1, 1>, <2, 1>, 
    <2, 1> ], [
        <1, 1, [ -1, 1 ], 1, 1>,
        <1, 2, [ -1, -1, 1 ], 1, 2>,
        <1, 2, [ -1, -1, 1 ], 1, 2>,
        <2, 2, [ -1, -1, 1 ], 1, 2>
    ], <81920, -1>, 11>,
    <<8, 2>, [ 1, 0, 1 ], [ <1, 2>, <1, 2>, <1, 2>, <2, 1> ], [
        <1, 2, [ 1, 0, 1 ], 1, 1>,
        <1, 2, [ 1, 0, 1 ], 1, 2>,
        <1, 2, [ 1, 0, 1 ], 1, 2>,
        <2, 1, [ -1, 1 ], 1, 2>
    ], <6400, -1>, 6>,
    <<8, 2>, [ 5, 0, 1 ], [ <1, 1>, <1, 2>, <1, 2>, <2, 1> ], [
        <1, 1, [ -1, 1 ], 1, 1>,
        <1, 2, [ 5, 0, 1 ], 1, 2>,
        <1, 2, [ 5, 0, 1 ], 1, 2>,
        <2, 1, [ -1, 1 ], 1, 2>
    ], <1280, -1>, 6>,
    <<16, 3>, [ -1, 1 ], [ <1, 1>, <1, 1>, <1, 1>, <2, 1> ], [
        <1, 1, [ -1, 1 ], 1, 1>,
        <1, 1, [ -1, 1 ], 1, 2>,
        <1, 1, [ -1, 1 ], 1, 2>,
        <2, 1, [ -1, 1 ], 1, 2>
    ], <640, -1>, 6>
]>
> L20 := NumberField(R!lat[3][1][2]);
> "Do the two computation give the same Q(EndJm)?";
Do the two computation give the same Q(EndJm)?
> IsIsomorphic(F20, L20);
true Mapping from: FldNum: F20 to FldNum: L20
> 
> /* ------------------------------------------------------------ */
> 
> m := 24;
> load "FermatJacobians1_computeMTandKconn.m";
Loading "FermatJacobians1_computeMTandKconn.m"
Working with m = 24
** Computing equations for the Mumford-Tate group **
** Generate Gamma-products **
> "** Computing the connected monodromy field of J24**";
** Computing the connected monodromy field of J24**
> F24 := compute_Kconn();
> "The connected monodromy field of J24 is the", F24;
The connected monodromy field of J24 is the Number Field with defining 
polynomial x^16 + 40*x^12 + 432*x^8 - 128*x^4 + 256 over the Rational Field
> 
> R<t> := PolynomialRing(RationalsExtra(prec));
> f := t^24 + 1;
> X := HyperellipticCurve(f);
> "** Computing the Endomorphism lattice of J24 via the methods of [CMSV19] **\
";
** Computing the Endomorphism lattice of J24 via the methods of [CMSV19] **
> time lat := HeuristicEndomorphismLattice(X);
Time: 1369.900[r]
> print lat;
<[ <2, 2>, <2, 2>, <3, 2>, <4, 2> ], <16, 11>, [
    <<1, 1>, [ 1, -12, 68, -232, 488, -564, 194, 396, -665, 444, -62, -152, 162,
    -92, 34, -8, 1 ], [ <2, 2>, <2, 2>, <3, 2>, <4, 2> ], [
        <2, 2, [ 1, -1, 1 ], 1, 1>,
        <2, 2, [ 2, 0, 1 ], 1, 1>,
        <3, 2, [ 1, 0, 1 ], 1, 1>,
        <4, 2, [ 6, 0, 1 ], 1, 1>
    ], <325619086145088897570576531456, -1>, 33>,
    <<2, 1>, [ 1, -4, 8, -10, 7, -2, 2, -2, 1 ], [ <2, 1>, <2, 2>, <3, 2>, <4, 
    1> ], [
        <2, 1, [ -1, 1 ], 1, 1>,
        <2, 2, [ 1, -1, 1 ], 1, 1>,
        <2, 4, [ -1, 1 ], 6, 2>,
        <3, 2, [ 1, 0, 1 ], 1, 1>
    ], <193865196655121704943616, -1>, 26>,
    <<2, 1>, [ 9, 0, 0, 0, 3, 0, 0, 0, 1 ], [ <1, 2>, <2, 1>, <2, 2>, <2, 2>, 
    <4, 1> ], [
        <1, 2, [ 1, 0, 1 ], 1, 1>,
        <2, 1, [ -1, 1 ], 1, 1>,
        <2, 2, [ 1, -1, 1 ], 1, 1>,
        <2, 2, [ 1, 0, 1 ], 1, 1>,
        <2, 4, [ -1, 1 ], 6, 2>
    ], <584325558976905216, -1>, 22>,
    <<2, 1>, [ 1, 0, 0, 0, -1, 0, 0, 0, 1 ], [ <1, 2>, <2, 2>, <2, 2>, <2, 2>, 
    <4, 2> ], [
        <1, 2, [ 1, 0, 1 ], 1, 1>,
        <2, 2, [ 1, -1, 1 ], 1, 1>,
        <2, 2, [ 1, 0, 1 ], 1, 1>,
        <2, 2, [ 2, 0, 1 ], 1, 1>,
        <4, 2, [ 6, 0, 1 ], 1, 1>
    ], <981442558066553631277056, -1>, 29>,
    <<2, 1>, [ 1, 0, -4, 0, 3, 0, 2, 0, 1 ], [ <1, 2>, <1, 2>, <2, 2>, <3, 1>, 
    <4, 1> ], [
        <1, 2, [ 2, 0, 1 ], 1, 1>,
        <1, 2, [ 2, 0, 1 ], 1, 1>,
        <2, 2, [ 1, -1, 1 ], 1, 1>,
        <2, 4, [ -1, 1 ], 6, 2>,
        <3, 1, [ -1, 1 ], 1, 1>
    ], <6058287395472553279488, -1>, 18>,
    <<2, 1>, [ 9, 0, -6, 0, 4, -4, 6, -4, 1 ], [ <1, 2>, <1, 2>, <2, 1>, <2, 2>,
    <2, 2>, <3, 1> ], [
        <1, 2, [ 2, 0, 1 ], 1, 1>,
        <1, 2, [ 2, 0, 1 ], 1, 1>,
        <2, 1, [ -1, 1 ], 1, 1>,
        <2, 4, [ 1, 0, 4, 0, 1 ], 1, 2>,
        <3, 1, [ -1, 1 ], 1, 1>
    ], <292162779488452608, -1>, 19>,
    <<2, 1>, [ -2, 16, -16, 4, -8, 8, 2, -4, 1 ], [ <2, 1>, <2, 1>, <3, 1>, <4, 
    1> ], [
        <2, 1, [ -1, 1 ], 1, 1>,
        <2, 1, [ -1, 1 ], 1, 1>,
        <2, 4, [ -1, 1 ], 6, 2>,
        <3, 1, [ -1, 1 ], 1, 1>
    ], <12116574790945106558976, -1>, 22>,
    <<2, 1>, [ 1, 0, 4, 0, 3, 0, -2, 0, 1 ], [ <2, 1>, <2, 2>, <2, 2>, <2, 2>, 
    <3, 1> ], [
        <2, 1, [ -1, 1 ], 1, 1>,
        <2, 2, [ 1, -1, 1 ], 1, 1>,
        <2, 4, [ 9, 0, 0, 0, 1 ], 1, 2>,
        <3, 1, [ -1, 1 ], 1, 1>
    ], <9349208943630483456, -1>, 21>,
    <<4, 2>, [ 4, 0, -2, 0, 1 ], [ <1, 1>, <1, 2>, <1, 2>, <2, 1>, <2, 2>, <4, 
    1> ], [
        <1, 1, [ -1, 1 ], 1, 1>,
        <1, 2, [ 2, 0, 1 ], 1, 1>,
        <1, 2, [ 2, 0, 1 ], 1, 1>,
        <2, 1, [ -1, 1 ], 1, 1>,
        <2, 2, [ 1, -1, 1 ], 1, 1>,
        <2, 4, [ -1, 1 ], 6, 2>
    ], <2629465015396073472, -1>, 16>,
    <<4, 1>, [ 1, 0, 0, 0, 1 ], [ <1, 2>, <1, 2>, <1, 2>, <2, 1>, <2, 2>, <2, 4>
    ], [
        <1, 2, [ 1, 0, 1 ], 1, 1>,
        <1, 2, [ 1, 0, 1 ], 1, 1>,
        <1, 2, [ 1, 0, 1 ], 1, 1>,
        <2, 1, [ -1, 1 ], 1, 1>,
        <2, 2, [ 2, 0, 1 ], 1, 1>,
        <2, 4, [ -1, 1 ], -2, 2>
    ], <5258930030792146944, -1>, 20>,
    <<4, 1>, [ 9, 0, 0, 0, 1 ], [ <1, 2>, <1, 2>, <1, 2>, <2, 1>, <2, 1>, <2, 
    2>, <2, 2> ], [
        <1, 2, [ 1, 0, 1 ], 1, 1>,
        <1, 2, [ 1, 0, 1 ], 1, 1>,
        <1, 2, [ 1, 0, 1 ], 1, 1>,
        <2, 1, [ -1, 1 ], 1, 1>,
        <2, 1, [ -1, 1 ], 1, 1>,
        <2, 4, [ 1, 0, 4, 0, 1 ], 1, 2>
    ], <253613523861504, -1>, 17>,
    <<4, 2>, [ 1, 0, 4, 0, 1 ], [ <1, 1>, <1, 2>, <1, 2>, <2, 1>, <2, 1>, <2, 
    2>, <2, 2> ], [
        <1, 1, [ -1, 1 ], 1, 1>,
        <1, 2, [ 2, 0, 1 ], 1, 1>,
        <1, 2, [ 2, 0, 1 ], 1, 1>,
        <2, 1, [ -1, 1 ], 1, 1>,
        <2, 1, [ -1, 1 ], 1, 1>,
        <2, 4, [ 1, 0, 4, 0, 1 ], 1, 2>
    ], <126806761930752, -1>, 17>,
    <<4, 2>, [ 4, 0, 2, 0, 1 ], [ <1, 1>, <2, 1>, <2, 1>, <2, 2>, <2, 2>, <2, 2>
    ], [
        <1, 1, [ -1, 1 ], 1, 1>,
        <2, 1, [ -1, 1 ], 1, 1>,
        <2, 1, [ -1, 1 ], 1, 1>,
        <2, 2, [ 1, -1, 1 ], 1, 1>,
        <2, 4, [ 9, 0, 0, 0, 1 ], 1, 2>
    ], <4057816381784064, -1>, 19>,
    <<4, 2>, [ 1, 0, -4, 0, 1 ], [ <1, 1>, <2, 1>, <2, 1>, <2, 1>, <2, 4> ], [
        <1, 1, [ -1, 1 ], 1, 1>,
        <2, 1, [ -1, 1 ], 1, 1>,
        <2, 1, [ -1, 1 ], 1, 1>,
        <2, 1, [ -1, 1 ], 1, 1>,
        <2, 4, [ -1, 1 ], -2, 2>
    ], <5258930030792146944, -1>, 20>,
    <<4, 2>, [ 1, 0, -1, 0, 1 ], [ <1, 2>, <2, 1>, <2, 2>, <2, 2>, <4, 1> ], [
        <1, 2, [ 1, 0, 1 ], 1, 1>,
        <2, 1, [ -1, 1 ], 1, 1>,
        <2, 2, [ 1, -1, 1 ], 1, 1>,
        <2, 2, [ 1, 0, 1 ], 1, 1>,
        <2, 4, [ -1, 1 ], 6, 2>
    ], <584325558976905216, -1>, 22>,
    <<4, 2>, [ -3, 0, 0, 0, 1 ], [ <1, 1>, <1, 1>, <1, 1>, <2, 1>, <2, 1>, <2, 
    1>, <2, 1> ], [
        <1, 1, [ -1, 1 ], 1, 1>,
        <1, 1, [ -1, 1 ], 1, 1>,
        <1, 1, [ -1, 1 ], 1, 1>,
        <2, 1, [ -1, 1 ], 1, 1>,
        <2, 1, [ -1, 1 ], 1, 1>,
        <2, 2, [ -3, 0, 1 ], 1, 2>
    ], <12230590464, -1>, 15>,
    <<4, 2>, [ 12, 0, -6, 0, 1 ], [ <1, 1>, <1, 1>, <1, 1>, <2, 1>, <2, 2>, <2, 
    2> ], [
        <1, 1, [ -1, 1 ], 1, 1>,
        <1, 1, [ -1, 1 ], 1, 1>,
        <1, 1, [ -1, 1 ], 1, 1>,
        <2, 1, [ -1, 1 ], 1, 1>,
        <2, 2, [ 1, -1, 1 ], 1, 1>,
        <2, 2, [ 1, 0, 1 ], 1, 2>
    ], <7044820107264, -1>, 14>,
    <<4, 2>, [ 3, 0, -3, 0, 1 ], [ <1, 1>, <1, 1>, <2, 2>, <2, 2>, <3, 1> ], [
        <1, 1, [ -1, 1 ], 1, 1>,
        <1, 1, [ -1, 1 ], 1, 1>,
        <2, 2, [ 1, -1, 1 ], 1, 1>,
        <2, 2, [ 1, 0, 1 ], 1, 2>,
        <3, 1, [ -1, 1 ], 1, 1>
    ], <16231265527136256, -1>, 16>,
    <<4, 2>, [ 1, -2, 0, -2, 1 ], [ <1, 1>, <1, 1>, <2, 1>, <2, 1>, <2, 1>, <3, 
    1> ], [
        <1, 1, [ -1, 1 ], 1, 1>,
        <1, 1, [ -1, 1 ], 1, 1>,
        <2, 1, [ -1, 1 ], 1, 1>,
        <2, 2, [ -3, 0, 1 ], 1, 2>,
        <3, 1, [ -1, 1 ], 1, 1>
    ], <28179280429056, -1>, 17>,
    <<8, 3>, [ 2, 0, 1 ], [ <1, 1>, <1, 1>, <1, 1>, <1, 2>, <1, 2>, <2, 1>, <2, 
    2> ], [
        <1, 1, [ -1, 1 ], 1, 1>,
        <1, 1, [ -1, 1 ], 1, 1>,
        <1, 1, [ -1, 1 ], 1, 1>,
        <1, 2, [ 2, 0, 1 ], 1, 1>,
        <1, 2, [ 2, 0, 1 ], 1, 1>,
        <2, 1, [ -1, 1 ], 1, 1>,
        <2, 2, [ 2, 0, 1 ], 1, 2>
    ], <9172942848, -1>, 12>,
    <<8, 5>, [ 1, -1, 1 ], [ <1, 1>, <1, 1>, <1, 1>, <2, 1>, <2, 2>, <2, 2> ], [
        <1, 1, [ -1, 1 ], 1, 1>,
        <1, 1, [ -1, 1 ], 1, 1>,
        <1, 1, [ -1, 1 ], 1, 1>,
        <2, 1, [ -1, 1 ], 1, 1>,
        <2, 2, [ 1, -1, 1 ], 1, 1>,
        <2, 2, [ 1, 0, 1 ], 1, 2>
    ], <7044820107264, -1>, 14>,
    <<8, 3>, [ -6, 0, 1 ], [ <1, 1>, <1, 1>, <1, 1>, <1, 1>, <1, 1>, <2, 1>, <2,
    2> ], [
        <1, 1, [ -1, 1 ], 1, 1>,
        <1, 1, [ -1, 1 ], 1, 1>,
        <1, 1, [ -1, 1 ], 1, 1>,
        <1, 1, [ -1, 1 ], 1, 1>,
        <1, 1, [ -1, 1 ], 1, 1>,
        <2, 1, [ -1, 1 ], 1, 1>,
        <2, 2, [ 2, 0, 1 ], 1, 2>
    ], <4586471424, -1>, 12>,
    <<8, 2>, [ 1, 0, 1 ], [ <1, 2>, <1, 2>, <1, 2>, <2, 1>, <2, 1>, <2, 1>, <2, 
    1> ], [
        <1, 2, [ 1, 0, 1 ], 1, 1>,
        <1, 2, [ 1, 0, 1 ], 1, 1>,
        <1, 2, [ 1, 0, 1 ], 1, 1>,
        <2, 1, [ -1, 1 ], 1, 1>,
        <2, 1, [ -1, 1 ], 1, 1>,
        <2, 2, [ -3, 0, 1 ], 1, 2>
    ], <48922361856, -1>, 15>,
    <<8, 3>, [ -2, 0, 1 ], [ <1, 1>, <1, 1>, <1, 1>, <2, 1>, <2, 1>, <2, 1>, <2,
    1> ], [
        <1, 1, [ -1, 1 ], 1, 1>,
        <1, 1, [ -1, 1 ], 1, 1>,
        <1, 1, [ -1, 1 ], 1, 1>,
        <2, 1, [ -1, 1 ], 1, 1>,
        <2, 1, [ -1, 1 ], 1, 1>,
        <2, 2, [ -6, 0, 1 ], 1, 2>
    ], <2038431744, -1>, 15>,
    <<8, 3>, [ 6, 0, 1 ], [ <1, 1>, <1, 1>, <1, 1>, <1, 1>, <1, 1>, <2, 1>, <2, 
    2> ], [
        <1, 1, [ -1, 1 ], 1, 1>,
        <1, 1, [ -1, 1 ], 1, 1>,
        <1, 1, [ -1, 1 ], 1, 1>,
        <1, 1, [ -1, 1 ], 1, 1>,
        <1, 1, [ -1, 1 ], 1, 1>,
        <2, 1, [ -1, 1 ], 1, 1>,
        <2, 2, [ 6, 0, 1 ], 1, 2>
    ], <509607936, -1>, 12>,
    <<8, 5>, [ -3, 0, 1 ], [ <1, 1>, <1, 1>, <1, 1>, <2, 1>, <2, 1>, <2, 1>, <2,
    1> ], [
        <1, 1, [ -1, 1 ], 1, 1>,
        <1, 1, [ -1, 1 ], 1, 1>,
        <1, 1, [ -1, 1 ], 1, 1>,
        <2, 1, [ -1, 1 ], 1, 1>,
        <2, 1, [ -1, 1 ], 1, 1>,
        <2, 2, [ -3, 0, 1 ], 1, 2>
    ], <12230590464, -1>, 15>,
    <<16, 11>, [ -1, 1 ], [ <1, 1>, <1, 1>, <1, 1>, <1, 1>, <1, 1>, <2, 1>, <2, 
    1> ], [
        <1, 1, [ -1, 1 ], 1, 1>,
        <1, 1, [ -1, 1 ], 1, 1>,
        <1, 1, [ -1, 1 ], 1, 1>,
        <1, 1, [ -1, 1 ], 1, 1>,
        <1, 1, [ -1, 1 ], 1, 1>,
        <2, 1, [ -1, 1 ], 1, 1>,
        <2, 1, [ -1, 1 ], 1, 2>
    ], <42467328, -1>, 11>
]>
> L24 := NumberField(R!lat[3][1][2]);
> "Do the two computation give the same Q(EndJm)?";
Do the two computation give the same Q(EndJm)?
> IsIsomorphic(F24, L24);
true Mapping from: FldNum: F24 to FldNum: L24
> 
> /* ------------------------------------------------------------ */
> 
> m := 60;
> load "FermatJacobians1_computeMTandKconn.m";
Loading "FermatJacobians1_computeMTandKconn.m"
Working with m = 60
** Computing equations for the Mumford-Tate group **
** Generate Gamma-products **
> "** Computing generators for the connected monodromy field of J60**";
** Computing generators for the connected monodromy field of J60**
> time gens := compute_Kconn_generators();
Loading "FermatJacobians1_computeMTandKconn.m"
Working with m = 20
** Computing equations for the Mumford-Tate group **
** Generate Gamma-products **
** Computing the connected monodromy field of J20**
Time: 13.400
The connected monodromy field of J20 is the Number Field with defining 
polynomial x^16 - 4*x^15 + 8*x^14 - 12*x^13 + 13*x^12 - 12*x^11 + 16*x^10 - 
    26*x^9 + 38*x^8 - 38*x^7 + 24*x^6 - 4*x^5 - 12*x^4 + 4*x^3 + 2*x^2 + 2*x + 1
over the Rational Field
** Computing the Endomorphism lattice of J20 via the methods of [CMSV19] **
Time: 116.360[r]
<[ <1, 2>, <2, 2>, <2, 2>, <4, 2> ], <16, 3>, [
    <<1, 1>, [ 1, -6, 18, -36, 47, -30, -18, 72, -95, 72, -18, -30, 47, -36, 18,
    -6, 1 ], [ <1, 2>, <2, 2>, <2, 2>, <4, 2> ], [
        <1, 2, [ 1, 0, 1 ], 1, 1>,
        <2, 4, [ 1, -1, 1, -1, 1 ], 1, 2>,
        <4, 2, [ 5, 0, 1 ], 1, 1>
    ], <429496729600000000, -1>, 25>,
    <<2, 1>, [ 1, 2, 2, -10, 11, -10, 8, -4, 1 ], [ <1, 2>, <2, 1>, <2, 1>, <2, 
    2>, <2, 2> ], [
        <1, 2, [ 1, 0, 1 ], 1, 1>,
        <2, 2, [ -1, -1, 1 ], 1, 2>,
        <2, 2, [ 5, 0, 1 ], 1, 1>,
        <2, 2, [ 5, 0, 1 ], 1, 1>
    ], <167772160000, -1>, 15>,
    <<2, 1>, [ 1, 0, -1, 0, 1, 0, -1, 0, 1 ], [ <1, 2>, <2, 2>, <2, 2>, <2, 2>, 
    <2, 2> ], [
        <1, 2, [ 1, 0, 1 ], 1, 1>,
        <2, 4, [ 1, -1, 1, -1, 1 ], 1, 2>,
        <2, 4, [ 1, 0, 3, 0, 1 ], 1, 2>
    ], <10485760000, -1>, 17>,
    <<2, 1>, [ 1, -2, 2, 2, -2, 2, 2, -2, 1 ], [ <1, 2>, <2, 1>, <2, 1>, <2, 2>,
    <2, 2> ], [
        <1, 2, [ 1, 0, 1 ], 1, 1>,
        <2, 2, [ -1, -1, 1 ], 1, 2>,
        <2, 4, [ 1, 0, 3, 0, 1 ], 1, 2>
    ], <167772160000, -1>, 15>,
    <<2, 1>, [ -4, 16, -16, -8, 14, 4, -4, -2, 1 ], [ <1, 1>, <2, 1>, <2, 1>, 
    <4, 1> ], [
        <1, 1, [ -1, 1 ], 1, 1>,
        <2, 2, [ -1, -1, 1 ], 1, 2>,
        <2, 4, [ -1, 1 ], 10, 2>
    ], <104857600000000, -1>, 17>,
    <<2, 1>, [ 1, 0, -3, 0, 4, 0, -2, 0, 1 ], [ <1, 1>, <2, 2>, <2, 2>, <4, 1> 
    ], [
        <1, 1, [ -1, 1 ], 1, 1>,
        <2, 4, [ -1, 1 ], 10, 2>,
        <2, 4, [ 1, -1, 1, -1, 1 ], 1, 2>
    ], <1677721600000000, -1>, 19>,
    <<4, 2>, [ 5, 0, -5, 0, 1 ], [ <1, 1>, <2, 1>, <2, 1>, <2, 1>, <2, 1> ], [
        <1, 1, [ -1, 1 ], 1, 1>,
        <2, 2, [ -1, -1, 1 ], 1, 2>,
        <2, 2, [ -1, -1, 1 ], 1, 2>
    ], <1638400, -1>, 13>,
    <<4, 2>, [ 1, 0, 3, 0, 1 ], [ <1, 2>, <1, 2>, <1, 2>, <1, 2>, <1, 2>, <2, 
    1>, <2, 1> ], [
        <1, 2, [ 1, 0, 1 ], 1, 1>,
        <1, 4, [ 1, 0, 3, 0, 1 ], 1, 2>,
        <1, 4, [ 1, 0, 3, 0, 1 ], 1, 2>,
        <2, 2, [ -1, -1, 1 ], 1, 2>
    ], <1638400, -1>, 11>,
    <<4, 2>, [ -1, 0, -1, 0, 1 ], [ <1, 1>, <2, 1>, <2, 1>, <2, 1>, <2, 1> ], [
        <1, 1, [ -1, 1 ], 1, 1>,
        <2, 2, [ -1, -1, 1 ], 1, 2>,
        <2, 2, [ -1, -1, 1 ], 1, 2>
    ], <26214400, -1>, 13>,
    <<4, 1>, [ 1, 2, 4, -2, 1 ], [ <1, 1>, <1, 2>, <1, 2>, <1, 2>, <1, 2>, <2, 
    1> ], [
        <1, 1, [ -1, 1 ], 1, 1>,
        <1, 4, [ 9, 0, -4, 0, 1 ], 1, 2>,
        <1, 4, [ 9, 0, 4, 0, 1 ], 1, 2>,
        <2, 1, [ -1, 1 ], 1, 2>
    ], <409600, -1>, 8>,
    <<4, 2>, [ -5, 0, 0, 0, 1 ], [ <1, 1>, <2, 1>, <2, 1>, <2, 1>, <2, 1> ], [
        <1, 1, [ -1, 1 ], 1, 1>,
        <2, 1, [ -1, 1 ], 1, 1>,
        <2, 1, [ -1, 1 ], 1, 1>,
        <2, 2, [ -1, -1, 1 ], 1, 2>
    ], <655360000, -1>, 13>,
    <<4, 2>, [ 1, -1, 1, -1, 1 ], [ <1, 1>, <2, 1>, <2, 1>, <2, 2>, <2, 2> ], [
        <1, 1, [ -1, 1 ], 1, 1>,
        <2, 2, [ -1, -1, 1 ], 1, 2>,
        <2, 4, [ 1, -1, 1, -1, 1 ], 1, 2>
    ], <419430400, -1>, 15>,
    <<4, 1>, [ 2, 0, 0, -2, 1 ], [ <1, 2>, <2, 1>, <2, 2> ], [
        <1, 2, [ 1, 0, 1 ], 1, 1>,
        <2, 1, [ -1, 1 ], 1, 2>,
        <2, 2, [ 1, 0, 1 ], 1, 2>
    ], <10240000, -1>, 8>,
    <<8, 2>, [ 1, 0, 1 ], [ <1, 2>, <1, 2>, <1, 2>, <2, 1> ], [
        <1, 2, [ 1, 0, 1 ], 1, 1>,
        <1, 2, [ 1, 0, 1 ], 1, 2>,
        <1, 2, [ 1, 0, 1 ], 1, 2>,
        <2, 1, [ -1, 1 ], 1, 2>
    ], <6400, -1>, 6>,
    <<8, 2>, [ 5, 0, 1 ], [ <1, 1>, <1, 2>, <1, 2>, <2, 1> ], [
        <1, 1, [ -1, 1 ], 1, 1>,
        <1, 2, [ 5, 0, 1 ], 1, 2>,
        <1, 2, [ 5, 0, 1 ], 1, 2>,
        <2, 1, [ -1, 1 ], 1, 2>
    ], <1280, -1>, 6>,
    <<8, 5>, [ -1, -1, 1 ], [ <1, 1>, <1, 1>, <1, 1>, <1, 1>, <1, 1>, <2, 1>, 
    <2, 1> ], [
        <1, 1, [ -1, 1 ], 1, 1>,
        <1, 2, [ -1, -1, 1 ], 1, 2>,
        <1, 2, [ -1, -1, 1 ], 1, 2>,
        <2, 2, [ -1, -1, 1 ], 1, 2>
    ], <81920, -1>, 11>,
    <<16, 3>, [ -1, 1 ], [ <1, 1>, <1, 1>, <1, 1>, <2, 1> ], [
        <1, 1, [ -1, 1 ], 1, 1>,
        <1, 1, [ -1, 1 ], 1, 2>,
        <1, 1, [ -1, 1 ], 1, 2>,
        <2, 1, [ -1, 1 ], 1, 2>
    ], <640, -1>, 6>
]>
Do the two computation give the same Q(EndJm)?
true Mapping from: FldNum: F20 to FldNum: L20
Loading "FermatJacobians1_computeMTandKconn.m"
Working with m = 24
** Computing equations for the Mumford-Tate group **
** Generate Gamma-products **
** Computing the connected monodromy field of J24**
The connected monodromy field of J24 is the Number Field with defining 
polynomial x^16 + 40*x^12 + 432*x^8 - 128*x^4 + 256 over the Rational Field
** Computing the Endomorphism lattice of J24 via the methods of [CMSV19] **
Time: 1405.460[r]
<[ <2, 2>, <2, 2>, <3, 2>, <4, 2> ], <16, 11>, [
    <<1, 1>, [ 1, -12, 68, -232, 488, -564, 194, 396, -665, 444, -62, -152, 162,
    -92, 34, -8, 1 ], [ <2, 2>, <2, 2>, <3, 2>, <4, 2> ], [
        <2, 2, [ 1, -1, 1 ], 1, 1>,
        <2, 2, [ 2, 0, 1 ], 1, 1>,
        <3, 2, [ 1, 0, 1 ], 1, 1>,
        <4, 2, [ 6, 0, 1 ], 1, 1>
    ], <325619086145088897570576531456, -1>, 33>,
    <<2, 1>, [ -2, 16, -16, 4, -8, 8, 2, -4, 1 ], [ <2, 1>, <2, 1>, <3, 1>, <4, 
    1> ], [
        <2, 1, [ -1, 1 ], 1, 1>,
        <2, 1, [ -1, 1 ], 1, 1>,
        <2, 4, [ -1, 1 ], 6, 2>,
        <3, 1, [ -1, 1 ], 1, 1>
    ], <12116574790945106558976, -1>, 22>,
    <<2, 1>, [ 9, 0, 0, 0, 3, 0, 0, 0, 1 ], [ <1, 2>, <2, 1>, <2, 2>, <2, 2>, 
    <4, 1> ], [
        <1, 2, [ 1, 0, 1 ], 1, 1>,
        <2, 1, [ -1, 1 ], 1, 1>,
        <2, 2, [ 1, -1, 1 ], 1, 1>,
        <2, 2, [ 1, 0, 1 ], 1, 1>,
        <2, 4, [ -1, 1 ], 6, 2>
    ], <584325558976905216, -1>, 22>,
    <<2, 1>, [ 1, -4, 8, -10, 7, -2, 2, -2, 1 ], [ <2, 1>, <2, 2>, <3, 2>, <4, 
    1> ], [
        <2, 1, [ -1, 1 ], 1, 1>,
        <2, 2, [ 1, -1, 1 ], 1, 1>,
        <2, 4, [ -1, 1 ], 6, 2>,
        <3, 2, [ 1, 0, 1 ], 1, 1>
    ], <193865196655121704943616, -1>, 26>,
    <<2, 1>, [ 1, 0, -4, 0, 3, 0, 2, 0, 1 ], [ <1, 2>, <1, 2>, <2, 2>, <3, 1>, 
    <4, 1> ], [
        <1, 2, [ 2, 0, 1 ], 1, 1>,
        <1, 2, [ 2, 0, 1 ], 1, 1>,
        <2, 2, [ 1, -1, 1 ], 1, 1>,
        <2, 4, [ -1, 1 ], 6, 2>,
        <3, 1, [ -1, 1 ], 1, 1>
    ], <6058287395472553279488, -1>, 18>,
    <<2, 1>, [ 1, 0, 4, 0, 3, 0, -2, 0, 1 ], [ <2, 1>, <2, 2>, <2, 2>, <2, 2>, 
    <3, 1> ], [
        <2, 1, [ -1, 1 ], 1, 1>,
        <2, 2, [ 1, -1, 1 ], 1, 1>,
        <2, 4, [ 9, 0, 0, 0, 1 ], 1, 2>,
        <3, 1, [ -1, 1 ], 1, 1>
    ], <9349208943630483456, -1>, 21>,
    <<2, 1>, [ 9, 0, -6, 0, 4, -4, 6, -4, 1 ], [ <1, 2>, <1, 2>, <2, 1>, <2, 2>,
    <2, 2>, <3, 1> ], [
        <1, 2, [ 2, 0, 1 ], 1, 1>,
        <1, 2, [ 2, 0, 1 ], 1, 1>,
        <2, 1, [ -1, 1 ], 1, 1>,
        <2, 4, [ 1, 0, 4, 0, 1 ], 1, 2>,
        <3, 1, [ -1, 1 ], 1, 1>
    ], <292162779488452608, -1>, 19>,
    <<2, 1>, [ 1, 0, 0, 0, -1, 0, 0, 0, 1 ], [ <1, 2>, <2, 2>, <2, 2>, <2, 2>, 
    <4, 2> ], [
        <1, 2, [ 1, 0, 1 ], 1, 1>,
        <2, 2, [ 1, -1, 1 ], 1, 1>,
        <2, 2, [ 1, 0, 1 ], 1, 1>,
        <2, 2, [ 2, 0, 1 ], 1, 1>,
        <4, 2, [ 6, 0, 1 ], 1, 1>
    ], <981442558066553631277056, -1>, 29>,
    <<4, 1>, [ 1, 0, 0, 0, 1 ], [ <1, 2>, <1, 2>, <1, 2>, <2, 1>, <2, 2>, <2, 4>
    ], [
        <1, 2, [ 1, 0, 1 ], 1, 1>,
        <1, 2, [ 1, 0, 1 ], 1, 1>,
        <1, 2, [ 1, 0, 1 ], 1, 1>,
        <2, 1, [ -1, 1 ], 1, 1>,
        <2, 2, [ 2, 0, 1 ], 1, 1>,
        <2, 4, [ -1, 1 ], -2, 2>
    ], <5258930030792146944, -1>, 20>,
    <<4, 1>, [ 9, 0, 0, 0, 1 ], [ <1, 2>, <1, 2>, <1, 2>, <2, 1>, <2, 1>, <2, 
    2>, <2, 2> ], [
        <1, 2, [ 1, 0, 1 ], 1, 1>,
        <1, 2, [ 1, 0, 1 ], 1, 1>,
        <1, 2, [ 1, 0, 1 ], 1, 1>,
        <2, 1, [ -1, 1 ], 1, 1>,
        <2, 1, [ -1, 1 ], 1, 1>,
        <2, 4, [ 1, 0, 4, 0, 1 ], 1, 2>
    ], <253613523861504, -1>, 17>,
    <<4, 2>, [ 1, 0, -1, 0, 1 ], [ <1, 2>, <2, 1>, <2, 2>, <2, 2>, <4, 1> ], [
        <1, 2, [ 1, 0, 1 ], 1, 1>,
        <2, 1, [ -1, 1 ], 1, 1>,
        <2, 2, [ 1, -1, 1 ], 1, 1>,
        <2, 2, [ 1, 0, 1 ], 1, 1>,
        <2, 4, [ -1, 1 ], 6, 2>
    ], <584325558976905216, -1>, 22>,
    <<4, 2>, [ 1, 0, 4, 0, 1 ], [ <1, 1>, <1, 2>, <1, 2>, <2, 1>, <2, 1>, <2, 
    2>, <2, 2> ], [
        <1, 1, [ -1, 1 ], 1, 1>,
        <1, 2, [ 2, 0, 1 ], 1, 1>,
        <1, 2, [ 2, 0, 1 ], 1, 1>,
        <2, 1, [ -1, 1 ], 1, 1>,
        <2, 1, [ -1, 1 ], 1, 1>,
        <2, 4, [ 1, 0, 4, 0, 1 ], 1, 2>
    ], <126806761930752, -1>, 17>,
    <<4, 2>, [ 4, 0, 2, 0, 1 ], [ <1, 1>, <2, 1>, <2, 1>, <2, 2>, <2, 2>, <2, 2>
    ], [
        <1, 1, [ -1, 1 ], 1, 1>,
        <2, 1, [ -1, 1 ], 1, 1>,
        <2, 1, [ -1, 1 ], 1, 1>,
        <2, 2, [ 1, -1, 1 ], 1, 1>,
        <2, 4, [ 9, 0, 0, 0, 1 ], 1, 2>
    ], <4057816381784064, -1>, 19>,
    <<4, 2>, [ 12, 0, -6, 0, 1 ], [ <1, 1>, <1, 1>, <1, 1>, <2, 1>, <2, 2>, <2, 
    2> ], [
        <1, 1, [ -1, 1 ], 1, 1>,
        <1, 1, [ -1, 1 ], 1, 1>,
        <1, 1, [ -1, 1 ], 1, 1>,
        <2, 1, [ -1, 1 ], 1, 1>,
        <2, 2, [ 1, -1, 1 ], 1, 1>,
        <2, 2, [ 1, 0, 1 ], 1, 2>
    ], <7044820107264, -1>, 14>,
    <<4, 2>, [ 1, 0, -4, 0, 1 ], [ <1, 1>, <2, 1>, <2, 1>, <2, 1>, <2, 4> ], [
        <1, 1, [ -1, 1 ], 1, 1>,
        <2, 1, [ -1, 1 ], 1, 1>,
        <2, 1, [ -1, 1 ], 1, 1>,
        <2, 1, [ -1, 1 ], 1, 1>,
        <2, 4, [ -1, 1 ], -2, 2>
    ], <5258930030792146944, -1>, 20>,
    <<4, 2>, [ 1, -2, 0, -2, 1 ], [ <1, 1>, <1, 1>, <2, 1>, <2, 1>, <2, 1>, <3, 
    1> ], [
        <1, 1, [ -1, 1 ], 1, 1>,
        <1, 1, [ -1, 1 ], 1, 1>,
        <2, 1, [ -1, 1 ], 1, 1>,
        <2, 2, [ -3, 0, 1 ], 1, 2>,
        <3, 1, [ -1, 1 ], 1, 1>
    ], <28179280429056, -1>, 17>,
    <<4, 2>, [ 4, 0, -2, 0, 1 ], [ <1, 1>, <1, 2>, <1, 2>, <2, 1>, <2, 2>, <4, 
    1> ], [
        <1, 1, [ -1, 1 ], 1, 1>,
        <1, 2, [ 2, 0, 1 ], 1, 1>,
        <1, 2, [ 2, 0, 1 ], 1, 1>,
        <2, 1, [ -1, 1 ], 1, 1>,
        <2, 2, [ 1, -1, 1 ], 1, 1>,
        <2, 4, [ -1, 1 ], 6, 2>
    ], <2629465015396073472, -1>, 16>,
    <<4, 2>, [ 3, 0, -3, 0, 1 ], [ <1, 1>, <1, 1>, <2, 2>, <2, 2>, <3, 1> ], [
        <1, 1, [ -1, 1 ], 1, 1>,
        <1, 1, [ -1, 1 ], 1, 1>,
        <2, 2, [ 1, -1, 1 ], 1, 1>,
        <2, 2, [ 1, 0, 1 ], 1, 2>,
        <3, 1, [ -1, 1 ], 1, 1>
    ], <16231265527136256, -1>, 16>,
    <<4, 2>, [ -3, 0, 0, 0, 1 ], [ <1, 1>, <1, 1>, <1, 1>, <2, 1>, <2, 1>, <2, 
    1>, <2, 1> ], [
        <1, 1, [ -1, 1 ], 1, 1>,
        <1, 1, [ -1, 1 ], 1, 1>,
        <1, 1, [ -1, 1 ], 1, 1>,
        <2, 1, [ -1, 1 ], 1, 1>,
        <2, 1, [ -1, 1 ], 1, 1>,
        <2, 2, [ -3, 0, 1 ], 1, 2>
    ], <12230590464, -1>, 15>,
    <<8, 3>, [ 2, 0, 1 ], [ <1, 1>, <1, 1>, <1, 1>, <1, 2>, <1, 2>, <2, 1>, <2, 
    2> ], [
        <1, 1, [ -1, 1 ], 1, 1>,
        <1, 1, [ -1, 1 ], 1, 1>,
        <1, 1, [ -1, 1 ], 1, 1>,
        <1, 2, [ 2, 0, 1 ], 1, 1>,
        <1, 2, [ 2, 0, 1 ], 1, 1>,
        <2, 1, [ -1, 1 ], 1, 1>,
        <2, 2, [ 2, 0, 1 ], 1, 2>
    ], <9172942848, -1>, 12>,
    <<8, 5>, [ -3, 0, 1 ], [ <1, 1>, <1, 1>, <1, 1>, <2, 1>, <2, 1>, <2, 1>, <2,
    1> ], [
        <1, 1, [ -1, 1 ], 1, 1>,
        <1, 1, [ -1, 1 ], 1, 1>,
        <1, 1, [ -1, 1 ], 1, 1>,
        <2, 1, [ -1, 1 ], 1, 1>,
        <2, 1, [ -1, 1 ], 1, 1>,
        <2, 2, [ -3, 0, 1 ], 1, 2>
    ], <12230590464, -1>, 15>,
    <<8, 5>, [ 1, -1, 1 ], [ <1, 1>, <1, 1>, <1, 1>, <2, 1>, <2, 2>, <2, 2> ], [
        <1, 1, [ -1, 1 ], 1, 1>,
        <1, 1, [ -1, 1 ], 1, 1>,
        <1, 1, [ -1, 1 ], 1, 1>,
        <2, 1, [ -1, 1 ], 1, 1>,
        <2, 2, [ 1, -1, 1 ], 1, 1>,
        <2, 2, [ 1, 0, 1 ], 1, 2>
    ], <7044820107264, -1>, 14>,
    <<8, 2>, [ 1, 0, 1 ], [ <1, 2>, <1, 2>, <1, 2>, <2, 1>, <2, 1>, <2, 1>, <2, 
    1> ], [
        <1, 2, [ 1, 0, 1 ], 1, 1>,
        <1, 2, [ 1, 0, 1 ], 1, 1>,
        <1, 2, [ 1, 0, 1 ], 1, 1>,
        <2, 1, [ -1, 1 ], 1, 1>,
        <2, 1, [ -1, 1 ], 1, 1>,
        <2, 2, [ -3, 0, 1 ], 1, 2>
    ], <48922361856, -1>, 15>,
    <<8, 3>, [ -2, 0, 1 ], [ <1, 1>, <1, 1>, <1, 1>, <2, 1>, <2, 1>, <2, 1>, <2,
    1> ], [
        <1, 1, [ -1, 1 ], 1, 1>,
        <1, 1, [ -1, 1 ], 1, 1>,
        <1, 1, [ -1, 1 ], 1, 1>,
        <2, 1, [ -1, 1 ], 1, 1>,
        <2, 1, [ -1, 1 ], 1, 1>,
        <2, 2, [ -6, 0, 1 ], 1, 2>
    ], <2038431744, -1>, 15>,
    <<8, 3>, [ 6, 0, 1 ], [ <1, 1>, <1, 1>, <1, 1>, <1, 1>, <1, 1>, <2, 1>, <2, 
    2> ], [
        <1, 1, [ -1, 1 ], 1, 1>,
        <1, 1, [ -1, 1 ], 1, 1>,
        <1, 1, [ -1, 1 ], 1, 1>,
        <1, 1, [ -1, 1 ], 1, 1>,
        <1, 1, [ -1, 1 ], 1, 1>,
        <2, 1, [ -1, 1 ], 1, 1>,
        <2, 2, [ 6, 0, 1 ], 1, 2>
    ], <509607936, -1>, 12>,
    <<8, 3>, [ -6, 0, 1 ], [ <1, 1>, <1, 1>, <1, 1>, <1, 1>, <1, 1>, <2, 1>, <2,
    2> ], [
        <1, 1, [ -1, 1 ], 1, 1>,
        <1, 1, [ -1, 1 ], 1, 1>,
        <1, 1, [ -1, 1 ], 1, 1>,
        <1, 1, [ -1, 1 ], 1, 1>,
        <1, 1, [ -1, 1 ], 1, 1>,
        <2, 1, [ -1, 1 ], 1, 1>,
        <2, 2, [ 2, 0, 1 ], 1, 2>
    ], <4586471424, -1>, 12>,
    <<16, 11>, [ -1, 1 ], [ <1, 1>, <1, 1>, <1, 1>, <1, 1>, <1, 1>, <2, 1>, <2, 
    1> ], [
        <1, 1, [ -1, 1 ], 1, 1>,
        <1, 1, [ -1, 1 ], 1, 1>,
        <1, 1, [ -1, 1 ], 1, 1>,
        <1, 1, [ -1, 1 ], 1, 1>,
        <1, 1, [ -1, 1 ], 1, 1>,
        <2, 1, [ -1, 1 ], 1, 1>,
        <2, 1, [ -1, 1 ], 1, 2>
    ], <42467328, -1>, 11>
]>
Do the two computation give the same Q(EndJm)?
true Mapping from: FldNum: F24 to FldNum: L24
Loading "FermatJacobians1_computeMTandKconn.m"
Working with m = 60
** Computing equations for the Mumford-Tate group **
** Generate Gamma-products **
** Computing generators for the connected monodromy field of J60**
Time: 1672.300
[
    1/9*(124*zeta_60^14 + 248*zeta_60^12 - 156*zeta_60^10 - 164*zeta_60^8 - 
        64*zeta_60^6 - 184*zeta_60^4 + 40*zeta_60^2 + 280),
    1/5*(-56*zeta_60^15 - 208*zeta_60^14 - 224*zeta_60^13 - 208*zeta_60^12 + 
        208*zeta_60^10 + 280*zeta_60^9 + 320*zeta_60^8 + 168*zeta_60^7 + 
        84*zeta_60^6 - 64*zeta_60^5 - 40*zeta_60^4 - 120*zeta_60^3 - 
        124*zeta_60^2 - 112*zeta_60 - 96),
    1/3*(30*zeta_60^15 + 12*zeta_60^12 - 28*zeta_60^11 - 12*zeta_60^10 - 
        12*zeta_60^9 - 3*zeta_60^8 - 6*zeta_60^7 + 18*zeta_60^6 - 6*zeta_60^5 - 
        3*zeta_60^4 + 18*zeta_60^3 - 12*zeta_60^2 + 2*zeta_60 + 12)
]
Are the numbers in the articles generators for the connected monodromy field of 
J60?
true 1/3*(-16*zeta_60^13 + 4*zeta_60^11 + 10*zeta_60^9 + 2*zeta_60^7 + 
    10*zeta_60^5 + 4*zeta_60^3 - 16*zeta_60)
true 2*zeta_60^15 - 2*zeta_60^14 + zeta_60^13 + zeta_60^12 - 3*zeta_60^11 + 
    zeta_60^10 - 2*zeta_60^9 + 3*zeta_60^6 + zeta_60^4 + 2*zeta_60^3 - 
    5*zeta_60^2 + 2*zeta_60 - 2
true 1/5*(-12*zeta_60^15 - 12*zeta_60^14 + 4*zeta_60^13 + 14*zeta_60^11 - 
    4*zeta_60^10 + 2*zeta_60^9 - 2*zeta_60^8 + 12*zeta_60^7 + 10*zeta_60^6 + 
    14*zeta_60^5 - 16*zeta_60^3 - 14*zeta_60^2 - 12*zeta_60 + 4)

Total time: 3230.960 [3246.960] seconds, Total memory usage: 883.72MB
